[INFO]:[2022-11-13 06:45:22,742]:[Distill Pub Blog] [RESOURCE]:[UPDATE] Understanding Convolutions on Graphs
[INFO]:[2022-11-13 06:45:22,743]:[Distill Pub Blog] [RESOURCE]:[UPDATE] A Gentle Introduction to Graph Neural Networks
[INFO]:[2022-11-13 06:45:22,743]:[Distill Pub Blog] [RESOURCE]:[UPDATE] Distill Hiatus
[INFO]:[2022-11-13 06:45:22,743]:[Distill Pub Blog] [RESOURCE]:[UPDATE] Multimodal Neurons in Artificial Neural Networks
[INFO]:[2022-11-13 06:45:22,744]:[Distill Pub Blog] [RESOURCE]:[UPDATE] Understanding RL Vision
[INFO]:[2022-11-13 06:45:22,744]:[Distill Pub Blog] [RESOURCE]:[UPDATE] Communicating with Interactive Articles
[INFO]:[2022-11-13 06:45:22,744]:[Distill Pub Blog] [RESOURCE]:[UPDATE] Thread: Differentiable Self-organizing Systems
[INFO]:[2022-11-13 06:45:22,745]:[Distill Pub Blog] [RESOURCE]:[UPDATE] Exploring Bayesian Optimization
[INFO]:[2022-11-13 06:45:22,745]:[Distill Pub Blog] [RESOURCE]:[UPDATE] Visualizing Neural Networks with the Grand Tour
[INFO]:[2022-11-13 06:45:22,745]:[Distill Pub Blog] [RESOURCE]:[UPDATE] Thread: Circuits
[INFO]:[2022-11-13 06:45:22,746]:[Distill Pub Blog] [RESOURCE]:[UPDATE] Visualizing the Impact of Feature Attribution Baselines
[INFO]:[2022-11-13 06:45:22,746]:[Distill Pub Blog] [RESOURCE]:[UPDATE] Computing Receptive Fields of Convolutional Neural Networks
[INFO]:[2022-11-13 06:45:22,747]:[Distill Pub Blog] [RESOURCE]:[UPDATE] The Paths Perspective on Value Learning
[INFO]:[2022-11-13 06:45:22,747]:[Distill Pub Blog] [RESOURCE]:[UPDATE] A Discussion of ‘Adversarial Examples Are Not Bugs, They Are Features’
[INFO]:[2022-11-13 06:45:22,747]:[Distill Pub Blog] [RESOURCE]:[UPDATE] Open Questions about Generative Adversarial Networks
[INFO]:[2022-11-13 06:45:22,748]:[Distill Pub Blog] [RESOURCE]:[UPDATE] A Visual Exploration of Gaussian Processes
[INFO]:[2022-11-13 06:45:22,748]:[Distill Pub Blog] [RESOURCE]:[UPDATE] Visualizing memorization in RNNs
[INFO]:[2022-11-13 06:45:22,748]:[Distill Pub Blog] [RESOURCE]:[UPDATE] Activation Atlas
[INFO]:[2022-11-13 06:45:22,749]:[Distill Pub Blog] [RESOURCE]:[UPDATE] AI Safety Needs Social Scientists
[INFO]:[2022-11-13 06:45:22,749]:[Distill Pub Blog] [RESOURCE]:[UPDATE] Distill Update 2018
[INFO]:[2022-11-13 06:45:22,749]:[Distill Pub Blog] [RESOURCE]:[UPDATE] Differentiable Image Parameterizations
[INFO]:[2022-11-13 06:45:22,750]:[Distill Pub Blog] [RESOURCE]:[UPDATE] Feature-wise transformations
[INFO]:[2022-11-13 06:45:22,750]:[Distill Pub Blog] [RESOURCE]:[UPDATE] The Building Blocks of Interpretability
[INFO]:[2022-11-13 06:45:22,750]:[Distill Pub Blog] [RESOURCE]:[UPDATE] Using Artificial Intelligence to Augment Human Intelligence
[INFO]:[2022-11-13 06:45:22,751]:[Distill Pub Blog] [RESOURCE]:[UPDATE] Sequence Modeling with CTC
[INFO]:[2022-11-13 06:45:22,751]:[Distill Pub Blog] [RESOURCE]:[UPDATE] Feature Visualization
[INFO]:[2022-11-13 06:45:22,751]:[Distill Pub Blog] [RESOURCE]:[UPDATE] Why Momentum Really Works
[INFO]:[2022-11-13 06:45:22,752]:[Distill Pub Blog] [RESOURCE]:[UPDATE] Research Debt
[INFO]:[2022-11-13 06:45:22,752]:[Distill Pub Blog] [RESOURCE]:[UPDATE] Experiments in Handwriting with a Neural Network
[INFO]:[2022-11-13 06:45:22,752]:[Distill Pub Blog] [RESOURCE]:[UPDATE] Deconvolution and Checkerboard Artifacts
[INFO]:[2022-11-13 06:45:22,752]:[Distill Pub Blog] [RESOURCE]:[UPDATE] How to Use t-SNE Effectively
[INFO]:[2022-11-13 06:45:22,753]:[Distill Pub Blog] [RESOURCE]:[UPDATE] Attention and Augmented Recurrent Neural Networks
